The system is: Linux - 3.10.0-957.5.1.el7.x86_64 - x86_64
Compiling the Fortran compiler identification source file "CMakeFortranCompilerId.F" succeeded.
Compiler: /nics/e/sw/cs400_centos7.3_optsoftware/intel/parallel_studio_xe_2018_update1/compilers_and_libraries_2018.1.163/linux/bin/intel64/ifort 
Build flags: 
Id flags: -v 

The output was:
0
ifort version 18.0.1
/nics/e/sw/cs400_centos7.3_optsoftware/intel/parallel_studio_xe_2018_update1/compilers_and_libraries_2018.1.163/linux/bin/intel64/fpp    -D__INTEL_COMPILER=1800 -D__INTEL_COMPILER_UPDATE=1 -D__unix__ -D__unix -D__linux__ -D__linux -D__gnu_linux__ -Dunix -Dlinux -D__ELF__ -D__x86_64 -D__x86_64__ -D__amd64 -D__amd64__ -D__INTEL_COMPILER_BUILD_DATE=20171018 -D__INTEL_OFFLOAD -D__i686 -D__i686__ -D__pentiumpro -D__pentiumpro__ -D__pentium4 -D__pentium4__ -D__tune_pentium4__ -D__SSE2__ -D__SSE2_MATH__ -D__SSE__ -D__SSE_MATH__ -D__MMX__ -I. -I/nics/e/sw/cs400_centos7.3_optsoftware/intel/parallel_studio_xe_2018_update1/impi/2018.1.163/intel64/include -I/nics/e/sw/cs400_centos7.3_optsoftware/intel/parallel_studio_xe_2018_update1/mkl/include -I/nics/e/sw/cs400_centos7.3_optsoftware/intel/parallel_studio_xe_2018_update1/tbb/include -I/nics/e/sw/cs400_centos7.3_optsoftware/intel/parallel_studio_xe_2018_update1/compilers_and_libraries_2018.1.163/linux/compiler/include/intel64 -I/nics/e/sw/cs400_centos7.3_optsoftware/intel/parallel_studio_xe_2018_update1/compilers_and_libraries_2018.1.163/linux/compiler/include/icc -I/nics/e/sw/cs400_centos7.3_optsoftware/intel/parallel_studio_xe_2018_update1/compilers_and_libraries_2018.1.163/linux/compiler/include -I/usr/local/include -I/nics/e/sw/cs400_centos7.3_optsoftware/gcc/6.3.0/centos7.3_gnu6.3.0/bin/../lib/gcc/x86_64-pc-linux-gnu/6.3.0/include -I/nics/e/sw/cs400_centos7.3_optsoftware/gcc/6.3.0/centos7.3_gnu6.3.0/bin/../lib/gcc/x86_64-pc-linux-gnu/6.3.0/include-fixed -I/nics/e/sw/cs400_centos7.3_optsoftware/gcc/6.3.0/centos7.3_gnu6.3.0/bin/../include/ -I/usr/include -fixed -4Ycpp -4Ncvf -f_com=yes -MX CMakeFortranCompilerId.F /tmp/ifortBrS9uX.i
#include "..." search starts here:
#include <...> search starts here:
 .
 /nics/e/sw/cs400_centos7.3_optsoftware/intel/parallel_studio_xe_2018_update1/impi/2018.1.163/intel64/include
 /nics/e/sw/cs400_centos7.3_optsoftware/intel/parallel_studio_xe_2018_update1/mkl/include
 /nics/e/sw/cs400_centos7.3_optsoftware/intel/parallel_studio_xe_2018_update1/tbb/include
 /nics/e/sw/cs400_centos7.3_optsoftware/intel/parallel_studio_xe_2018_update1/compilers_and_libraries_2018.1.163/linux/compiler/include/intel64
 /nics/e/sw/cs400_centos7.3_optsoftware/intel/parallel_studio_xe_2018_update1/compilers_and_libraries_2018.1.163/linux/compiler/include/icc
 /nics/e/sw/cs400_centos7.3_optsoftware/intel/parallel_studio_xe_2018_update1/compilers_and_libraries_2018.1.163/linux/compiler/include
 /usr/local/include
 /nics/e/sw/cs400_centos7.3_optsoftware/gcc/6.3.0/centos7.3_gnu6.3.0/bin/../lib/gcc/x86_64-pc-linux-gnu/6.3.0/include
 /nics/e/sw/cs400_centos7.3_optsoftware/gcc/6.3.0/centos7.3_gnu6.3.0/bin/../lib/gcc/x86_64-pc-linux-gnu/6.3.0/include-fixed
 /nics/e/sw/cs400_centos7.3_optsoftware/gcc/6.3.0/centos7.3_gnu6.3.0/bin/../include/
 /usr/include
End of search list.
/nics/e/sw/cs400_centos7.3_optsoftware/intel/parallel_studio_xe_2018_update1/compilers_and_libraries_2018.1.163/linux/bin/intel64/fortcom    -D__INTEL_COMPILER=1800 -D__INTEL_COMPILER_UPDATE=1 -D__unix__ -D__unix -D__linux__ -D__linux -D__gnu_linux__ -Dunix -Dlinux -D__ELF__ -D__x86_64 -D__x86_64__ -D__amd64 -D__amd64__ -D__INTEL_COMPILER_BUILD_DATE=20171018 -D__INTEL_OFFLOAD -D__i686 -D__i686__ -D__pentiumpro -D__pentiumpro__ -D__pentium4 -D__pentium4__ -D__tune_pentium4__ -D__SSE2__ -D__SSE2_MATH__ -D__SSE__ -D__SSE_MATH__ -D__MMX__ -mGLOB_pack_sort_init_list -I. -I/nics/e/sw/cs400_centos7.3_optsoftware/intel/parallel_studio_xe_2018_update1/impi/2018.1.163/intel64/include -I/nics/e/sw/cs400_centos7.3_optsoftware/intel/parallel_studio_xe_2018_update1/mkl/include -I/nics/e/sw/cs400_centos7.3_optsoftware/intel/parallel_studio_xe_2018_update1/tbb/include -I/nics/e/sw/cs400_centos7.3_optsoftware/intel/parallel_studio_xe_2018_update1/compilers_and_libraries_2018.1.163/linux/compiler/include/intel64 -I/nics/e/sw/cs400_centos7.3_optsoftware/intel/parallel_studio_xe_2018_update1/compilers_and_libraries_2018.1.163/linux/compiler/include/icc -I/nics/e/sw/cs400_centos7.3_optsoftware/intel/parallel_studio_xe_2018_update1/compilers_and_libraries_2018.1.163/linux/compiler/include -I/usr/local/include -I/nics/e/sw/cs400_centos7.3_optsoftware/gcc/6.3.0/centos7.3_gnu6.3.0/bin/../lib/gcc/x86_64-pc-linux-gnu/6.3.0/include -I/nics/e/sw/cs400_centos7.3_optsoftware/gcc/6.3.0/centos7.3_gnu6.3.0/bin/../lib/gcc/x86_64-pc-linux-gnu/6.3.0/include-fixed -I/nics/e/sw/cs400_centos7.3_optsoftware/gcc/6.3.0/centos7.3_gnu6.3.0/bin/../include/ -I/usr/include -O2 "-reentrancy threaded" -simd -offload_host -mGLOB_em64t=TRUE -mP1OPT_version=18.0-intel64 -mGLOB_diag_file=/tmp/ifortCpcGlm.diag -mGLOB_long_size_64 -mGLOB_routine_pointer_size_64 -mGLOB_source_language=GLOB_SOURCE_LANGUAGE_F90 -mP2OPT_static_promotion -mP1OPT_print_version=FALSE -mCG_use_gas_got_workaround=F -mP2OPT_align_option_used=TRUE -mGLOB_gcc_version=630 -mGLOB_options_string=-v -mGLOB_cxx_limited_range=FALSE -mCG_extend_parms=FALSE -mGLOB_compiler_bin_directory=/nics/e/sw/cs400_centos7.3_optsoftware/intel/parallel_studio_xe_2018_update1/compilers_and_libraries_2018.1.163/linux/bin/intel64 -mGLOB_as_output_backup_file_name=/tmp/ifortu7Ur5Kas_.s -mGLOB_dashboard_use_source_name -mIPOPT_activate -mIPOPT_lite -mGLOB_instruction_tuning=0x0 -mGLOB_uarch_tuning=0x0 -mGLOB_product_id_code=0x22006d90 -mCG_bnl_movbe=T -mGLOB_extended_instructions=0x8 -mP3OPT_use_mspp_call_convention -mP2OPT_subs_out_of_bound=FALSE -mP2OPT_disam_type_based_disam=2 -mGLOB_ansi_alias -mPGOPTI_value_profile_use=T -mGLOB_opt_report_use_source_name -mP2OPT_il0_array_sections=TRUE -mGLOB_offload_mode=1 -mP2OPT_offload_unique_var_string=ifort0381573882DBZWtY -mP2OPT_hlo_level=2 -mP2OPT_hlo -mP2OPT_hpo_rtt_control=0 -mIPOPT_args_in_regs=0 -mP2OPT_disam_assume_nonstd_intent_in=FALSE -mGLOB_imf_mapping_library=/nics/e/sw/cs400_centos7.3_optsoftware/intel/parallel_studio_xe_2018_update1/compilers_and_libraries_2018.1.163/linux/bin/intel64/libiml_attr.so -mIPOPT_single_file_compile_and_link=TRUE -mPGOPTI_gen_threadsafe_level=0 -mIPOPT_lto_object_enabled -mIPOPT_lto_object_value=1 -mIPOPT_obj_output_file_name=/tmp/ifortCpcGlm.o -mIPOPT_whole_archive_fixup_file_name=/tmp/ifortwarchObIpxX -mGLOB_linker_version=2.27 -mGLOB_driver_tempfile_name=/tmp/iforttempfileRz6DLy -mP3OPT_asm_target=P3OPT_ASM_TARGET_GAS -mGLOB_async_unwind_tables=TRUE -mGLOB_obj_output_file=/tmp/ifortCpcGlm.o -mGLOB_source_dialect=GLOB_SOURCE_DIALECT_FORTRAN -mP1OPT_source_file_name=CMakeFortranCompilerId.F -mP1OPT_full_source_file_name=/lustre/haven/proj/UTK0105/lake_modeling/gotm-git/cases/build/CMakeFiles/3.15.4/CompilerIdFortran/CMakeFortranCompilerId.F -mP2OPT_symtab_type_copy=true /tmp/ifortBrS9uX.i
#include "..." search starts here:
#include <...> search starts here:
 .
 /nics/e/sw/cs400_centos7.3_optsoftware/intel/parallel_studio_xe_2018_update1/impi/2018.1.163/intel64/include
 /nics/e/sw/cs400_centos7.3_optsoftware/intel/parallel_studio_xe_2018_update1/mkl/include
 /nics/e/sw/cs400_centos7.3_optsoftware/intel/parallel_studio_xe_2018_update1/tbb/include
 /nics/e/sw/cs400_centos7.3_optsoftware/intel/parallel_studio_xe_2018_update1/compilers_and_libraries_2018.1.163/linux/compiler/include/intel64
 /nics/e/sw/cs400_centos7.3_optsoftware/intel/parallel_studio_xe_2018_update1/compilers_and_libraries_2018.1.163/linux/compiler/include/icc
 /nics/e/sw/cs400_centos7.3_optsoftware/intel/parallel_studio_xe_2018_update1/compilers_and_libraries_2018.1.163/linux/compiler/include
 /usr/local/include
 /nics/e/sw/cs400_centos7.3_optsoftware/gcc/6.3.0/centos7.3_gnu6.3.0/bin/../lib/gcc/x86_64-pc-linux-gnu/6.3.0/include
 /nics/e/sw/cs400_centos7.3_optsoftware/gcc/6.3.0/centos7.3_gnu6.3.0/bin/../lib/gcc/x86_64-pc-linux-gnu/6.3.0/include-fixed
 /nics/e/sw/cs400_centos7.3_optsoftware/gcc/6.3.0/centos7.3_gnu6.3.0/bin/../include/
 /usr/include
End of search list.
ld    /lib/../lib64/crt1.o /lib/../lib64/crti.o /nics/e/sw/cs400_centos7.3_optsoftware/gcc/6.3.0/centos7.3_gnu6.3.0/bin/../lib/gcc/x86_64-pc-linux-gnu/6.3.0/crtbegin.o --eh-frame-hdr --build-id -dynamic-linker /lib64/ld-linux-x86-64.so.2 -m elf_x86_64 -o a.out /nics/e/sw/cs400_centos7.3_optsoftware/intel/parallel_studio_xe_2018_update1/compilers_and_libraries_2018.1.163/linux/compiler/lib/intel64_lin/for_main.o -L/nics/e/sw/cs400_centos7.3_optsoftware/intel/parallel_studio_xe_2018_update1/impi/2018.1.163/intel64/lib -L/nics/e/sw/cs400_centos7.3_optsoftware/intel/parallel_studio_xe_2018_update1/compilers_and_libraries_2018.1.163/linux/compiler/lib/intel64 -L/nics/e/sw/cs400_centos7.3_optsoftware/intel/parallel_studio_xe_2018_update1/ipp/lib/intel64 -L/nics/e/sw/cs400_centos7.3_optsoftware/intel/parallel_studio_xe_2018_update1/mkl/lib/intel64 -L/nics/e/sw/cs400_centos7.3_optsoftware/intel/parallel_studio_xe_2018_update1/compilers_and_libraries_2018.1.163/linux/mpi/intel64/lib -L/nics/e/sw/cs400_centos7.3_optsoftware/intel/parallel_studio_xe_2018_update1/tbb/lib/intel64 -L/nics/e/sw/cs400_centos7.3_optsoftware/intel/parallel_studio_xe_2018_update1/compilers_and_libraries_2018.1.163/linux/compiler/lib/intel64_lin -L/nics/e/sw/cs400_centos7.3_optsoftware/gcc/6.3.0/centos7.3_gnu6.3.0/bin/../lib/gcc/x86_64-pc-linux-gnu/6.3.0/ -L/nics/e/sw/cs400_centos7.3_optsoftware/gcc/6.3.0/centos7.3_gnu6.3.0/bin/../lib/gcc/ -L/nics/e/sw/cs400_centos7.3_optsoftware/gcc/6.3.0/centos7.3_gnu6.3.0/bin/../lib/gcc/x86_64-pc-linux-gnu/6.3.0/../../../../lib64 -L/nics/e/sw/cs400_centos7.3_optsoftware/gcc/6.3.0/centos7.3_gnu6.3.0/bin/../lib/gcc/x86_64-pc-linux-gnu/6.3.0/../../../../lib64/ -L/lib/../lib64 -L/lib/../lib64/ -L/usr/lib/../lib64 -L/usr/lib/../lib64/ -L/nics/e/sw/cs400_centos7.3_optsoftware/intel/parallel_studio_xe_2018_update1/impi/2018.1.163/intel64/lib/ -L/nics/e/sw/cs400_centos7.3_optsoftware/intel/parallel_studio_xe_2018_update1/compilers_and_libraries_2018.1.163/linux/compiler/lib/intel64/ -L/nics/e/sw/cs400_centos7.3_optsoftware/intel/parallel_studio_xe_2018_update1/ipp/lib/intel64/ -L/nics/e/sw/cs400_centos7.3_optsoftware/intel/parallel_studio_xe_2018_update1/mkl/lib/intel64/ -L/nics/e/sw/cs400_centos7.3_optsoftware/intel/parallel_studio_xe_2018_update1/compilers_and_libraries_2018.1.163/linux/mpi/intel64/lib/ -L/nics/e/sw/cs400_centos7.3_optsoftware/intel/parallel_studio_xe_2018_update1/tbb/lib/intel64/ -L/nics/e/sw/cs400_centos7.3_optsoftware/gcc/6.3.0/centos7.3_gnu6.3.0/bin/../lib/gcc/x86_64-pc-linux-gnu/6.3.0/../../../ -L/lib64 -L/lib/ -L/usr/lib64 -L/usr/lib /tmp/ifortCpcGlm.o -Bdynamic -Bstatic -lifport -lifcoremt -limf -lsvml -Bdynamic -lm -Bstatic -lipgo -lirc -Bdynamic -lpthread -Bstatic -lsvml -Bdynamic -lc -lgcc -lgcc_s -Bstatic -lirc_s -Bdynamic -ldl -lc /nics/e/sw/cs400_centos7.3_optsoftware/gcc/6.3.0/centos7.3_gnu6.3.0/bin/../lib/gcc/x86_64-pc-linux-gnu/6.3.0/crtend.o /lib/../lib64/crtn.o


Compilation of the Fortran compiler identification source "CMakeFortranCompilerId.F" produced "a.out"

The Fortran compiler identification is Intel, found in "/lustre/haven/proj/UTK0105/lake_modeling/gotm-git/cases/build/CMakeFiles/3.15.4/CompilerIdFortran/a.out"

Determining if the Fortran compiler works passed with the following output:
Change Dir: /lustre/haven/proj/UTK0105/lake_modeling/gotm-git/cases/build/CMakeFiles/CMakeTmp

Run Build Command(s):/bin/gmake cmTC_74e75/fast && gmake[1]: Entering directory `/lustre/haven/proj/UTK0105/lake_modeling/gotm-git/cases/build/CMakeFiles/CMakeTmp'
/bin/gmake -f CMakeFiles/cmTC_74e75.dir/build.make CMakeFiles/cmTC_74e75.dir/build
gmake[2]: Entering directory `/lustre/haven/proj/UTK0105/lake_modeling/gotm-git/cases/build/CMakeFiles/CMakeTmp'
Building Fortran object CMakeFiles/cmTC_74e75.dir/testFortranCompiler.f.o
/nics/e/sw/cs400_centos7.3_optsoftware/intel/parallel_studio_xe_2018_update1/compilers_and_libraries_2018.1.163/linux/bin/intel64/ifort    -c /lustre/haven/proj/UTK0105/lake_modeling/gotm-git/cases/build/CMakeFiles/CMakeTmp/testFortranCompiler.f -o CMakeFiles/cmTC_74e75.dir/testFortranCompiler.f.o
Linking Fortran executable cmTC_74e75
/nics/e/sw/cs400_centos7.3_acfsoftware/cmake/3.15.4/centos7.3_intel17.2.174/bin/cmake -E cmake_link_script CMakeFiles/cmTC_74e75.dir/link.txt --verbose=1
/nics/e/sw/cs400_centos7.3_optsoftware/intel/parallel_studio_xe_2018_update1/compilers_and_libraries_2018.1.163/linux/bin/intel64/ifort      CMakeFiles/cmTC_74e75.dir/testFortranCompiler.f.o  -o cmTC_74e75 
gmake[2]: Leaving directory `/lustre/haven/proj/UTK0105/lake_modeling/gotm-git/cases/build/CMakeFiles/CMakeTmp'
gmake[1]: Leaving directory `/lustre/haven/proj/UTK0105/lake_modeling/gotm-git/cases/build/CMakeFiles/CMakeTmp'



Detecting Fortran compiler ABI info compiled with the following output:
Change Dir: /lustre/haven/proj/UTK0105/lake_modeling/gotm-git/cases/build/CMakeFiles/CMakeTmp

Run Build Command(s):/bin/gmake cmTC_7e7de/fast && gmake[1]: Entering directory `/lustre/haven/proj/UTK0105/lake_modeling/gotm-git/cases/build/CMakeFiles/CMakeTmp'
/bin/gmake -f CMakeFiles/cmTC_7e7de.dir/build.make CMakeFiles/cmTC_7e7de.dir/build
gmake[2]: Entering directory `/lustre/haven/proj/UTK0105/lake_modeling/gotm-git/cases/build/CMakeFiles/CMakeTmp'
Building Fortran object CMakeFiles/cmTC_7e7de.dir/CMakeFortranCompilerABI.F.o
/nics/e/sw/cs400_centos7.3_optsoftware/intel/parallel_studio_xe_2018_update1/compilers_and_libraries_2018.1.163/linux/bin/intel64/ifort   -v -c /nics/e/sw/cs400_centos7.3_acfsoftware/cmake/3.15.4/centos7.3_intel17.2.174/share/cmake-3.15/Modules/CMakeFortranCompilerABI.F -o CMakeFiles/cmTC_7e7de.dir/CMakeFortranCompilerABI.F.o
ifort version 18.0.1
/nics/e/sw/cs400_centos7.3_optsoftware/intel/parallel_studio_xe_2018_update1/compilers_and_libraries_2018.1.163/linux/bin/intel64/fpp    -D__INTEL_COMPILER=1800 -D__INTEL_COMPILER_UPDATE=1 -D__unix__ -D__unix -D__linux__ -D__linux -D__gnu_linux__ -Dunix -Dlinux -D__ELF__ -D__x86_64 -D__x86_64__ -D__amd64 -D__amd64__ -D__INTEL_COMPILER_BUILD_DATE=20171018 -D__INTEL_OFFLOAD -D__i686 -D__i686__ -D__pentiumpro -D__pentiumpro__ -D__pentium4 -D__pentium4__ -D__tune_pentium4__ -D__SSE2__ -D__SSE2_MATH__ -D__SSE__ -D__SSE_MATH__ -D__MMX__ -I. -I/nics/e/sw/cs400_centos7.3_optsoftware/intel/parallel_studio_xe_2018_update1/impi/2018.1.163/intel64/include -I/nics/e/sw/cs400_centos7.3_optsoftware/intel/parallel_studio_xe_2018_update1/mkl/include -I/nics/e/sw/cs400_centos7.3_optsoftware/intel/parallel_studio_xe_2018_update1/tbb/include -I/nics/e/sw/cs400_centos7.3_optsoftware/intel/parallel_studio_xe_2018_update1/compilers_and_libraries_2018.1.163/linux/compiler/include/intel64 -I/nics/e/sw/cs400_centos7.3_optsoftware/intel/parallel_studio_xe_2018_update1/compilers_and_libraries_2018.1.163/linux/compiler/include/icc -I/nics/e/sw/cs400_centos7.3_optsoftware/intel/parallel_studio_xe_2018_update1/compilers_and_libraries_2018.1.163/linux/compiler/include -I/usr/local/include -I/nics/e/sw/cs400_centos7.3_optsoftware/gcc/6.3.0/centos7.3_gnu6.3.0/bin/../lib/gcc/x86_64-pc-linux-gnu/6.3.0/include -I/nics/e/sw/cs400_centos7.3_optsoftware/gcc/6.3.0/centos7.3_gnu6.3.0/bin/../lib/gcc/x86_64-pc-linux-gnu/6.3.0/include-fixed -I/nics/e/sw/cs400_centos7.3_optsoftware/gcc/6.3.0/centos7.3_gnu6.3.0/bin/../include/ -I/usr/include -fixed -4Ycpp -4Ncvf -f_com=yes -MX /nics/e/sw/cs400_centos7.3_acfsoftware/cmake/3.15.4/centos7.3_intel17.2.174/share/cmake-3.15/Modules/CMakeFortranCompilerABI.F /tmp/ifortroWBSg.i
#include "..." search starts here:
#include <...> search starts here:
 .
 /nics/e/sw/cs400_centos7.3_optsoftware/intel/parallel_studio_xe_2018_update1/impi/2018.1.163/intel64/include
 /nics/e/sw/cs400_centos7.3_optsoftware/intel/parallel_studio_xe_2018_update1/mkl/include
 /nics/e/sw/cs400_centos7.3_optsoftware/intel/parallel_studio_xe_2018_update1/tbb/include
 /nics/e/sw/cs400_centos7.3_optsoftware/intel/parallel_studio_xe_2018_update1/compilers_and_libraries_2018.1.163/linux/compiler/include/intel64
 /nics/e/sw/cs400_centos7.3_optsoftware/intel/parallel_studio_xe_2018_update1/compilers_and_libraries_2018.1.163/linux/compiler/include/icc
 /nics/e/sw/cs400_centos7.3_optsoftware/intel/parallel_studio_xe_2018_update1/compilers_and_libraries_2018.1.163/linux/compiler/include
 /usr/local/include
 /nics/e/sw/cs400_centos7.3_optsoftware/gcc/6.3.0/centos7.3_gnu6.3.0/bin/../lib/gcc/x86_64-pc-linux-gnu/6.3.0/include
 /nics/e/sw/cs400_centos7.3_optsoftware/gcc/6.3.0/centos7.3_gnu6.3.0/bin/../lib/gcc/x86_64-pc-linux-gnu/6.3.0/include-fixed
 /nics/e/sw/cs400_centos7.3_optsoftware/gcc/6.3.0/centos7.3_gnu6.3.0/bin/../include/
 /usr/include
End of search list.
/nics/e/sw/cs400_centos7.3_optsoftware/intel/parallel_studio_xe_2018_update1/compilers_and_libraries_2018.1.163/linux/bin/intel64/fortcom    -D__INTEL_COMPILER=1800 -D__INTEL_COMPILER_UPDATE=1 -D__unix__ -D__unix -D__linux__ -D__linux -D__gnu_linux__ -Dunix -Dlinux -D__ELF__ -D__x86_64 -D__x86_64__ -D__amd64 -D__amd64__ -D__INTEL_COMPILER_BUILD_DATE=20171018 -D__INTEL_OFFLOAD -D__i686 -D__i686__ -D__pentiumpro -D__pentiumpro__ -D__pentium4 -D__pentium4__ -D__tune_pentium4__ -D__SSE2__ -D__SSE2_MATH__ -D__SSE__ -D__SSE_MATH__ -D__MMX__ -mGLOB_pack_sort_init_list -I/nics/e/sw/cs400_centos7.3_acfsoftware/cmake/3.15.4/centos7.3_intel17.2.174/share/cmake-3.15/Modules -I. -I/nics/e/sw/cs400_centos7.3_optsoftware/intel/parallel_studio_xe_2018_update1/impi/2018.1.163/intel64/include -I/nics/e/sw/cs400_centos7.3_optsoftware/intel/parallel_studio_xe_2018_update1/mkl/include -I/nics/e/sw/cs400_centos7.3_optsoftware/intel/parallel_studio_xe_2018_update1/tbb/include -I/nics/e/sw/cs400_centos7.3_optsoftware/intel/parallel_studio_xe_2018_update1/compilers_and_libraries_2018.1.163/linux/compiler/include/intel64 -I/nics/e/sw/cs400_centos7.3_optsoftware/intel/parallel_studio_xe_2018_update1/compilers_and_libraries_2018.1.163/linux/compiler/include/icc -I/nics/e/sw/cs400_centos7.3_optsoftware/intel/parallel_studio_xe_2018_update1/compilers_and_libraries_2018.1.163/linux/compiler/include -I/usr/local/include -I/nics/e/sw/cs400_centos7.3_optsoftware/gcc/6.3.0/centos7.3_gnu6.3.0/bin/../lib/gcc/x86_64-pc-linux-gnu/6.3.0/include -I/nics/e/sw/cs400_centos7.3_optsoftware/gcc/6.3.0/centos7.3_gnu6.3.0/bin/../lib/gcc/x86_64-pc-linux-gnu/6.3.0/include-fixed -I/nics/e/sw/cs400_centos7.3_optsoftware/gcc/6.3.0/centos7.3_gnu6.3.0/bin/../include/ -I/usr/include -O2 "-reentrancy threaded" -simd -offload_host -mGLOB_em64t=TRUE -mP1OPT_version=18.0-intel64 -mGLOB_diag_file=CMakeFiles/cmTC_7e7de.dir/CMakeFortranCompilerABI.F.diag -mGLOB_long_size_64 -mGLOB_routine_pointer_size_64 -mGLOB_source_language=GLOB_SOURCE_LANGUAGE_F90 -mP2OPT_static_promotion -mP1OPT_print_version=FALSE -mCG_use_gas_got_workaround=F -mP2OPT_align_option_used=TRUE -mGLOB_gcc_version=630 "-mGLOB_options_string=-v -c -o CMakeFiles/cmTC_7e7de.dir/CMakeFortranCompilerABI.F.o" -mGLOB_cxx_limited_range=FALSE -mCG_extend_parms=FALSE -mGLOB_compiler_bin_directory=/nics/e/sw/cs400_centos7.3_optsoftware/intel/parallel_studio_xe_2018_update1/compilers_and_libraries_2018.1.163/linux/bin/intel64 -mGLOB_as_output_backup_file_name=/tmp/iforte1YbZbas_.s -mIPOPT_activate -mIPOPT_lite -mGLOB_instruction_tuning=0x0 -mGLOB_uarch_tuning=0x0 -mGLOB_product_id_code=0x22006d90 -mCG_bnl_movbe=T -mGLOB_extended_instructions=0x8 -mP3OPT_use_mspp_call_convention -mP2OPT_subs_out_of_bound=FALSE -mP2OPT_disam_type_based_disam=2 -mGLOB_ansi_alias -mPGOPTI_value_profile_use=T -mP2OPT_il0_array_sections=TRUE -mGLOB_offload_mode=1 -mP2OPT_offload_unique_var_string=ifort1765286694dgDwB9 -mP2OPT_hlo_level=2 -mP2OPT_hlo -mP2OPT_hpo_rtt_control=0 -mIPOPT_args_in_regs=0 -mP2OPT_disam_assume_nonstd_intent_in=FALSE -mGLOB_imf_mapping_library=/nics/e/sw/cs400_centos7.3_optsoftware/intel/parallel_studio_xe_2018_update1/compilers_and_libraries_2018.1.163/linux/bin/intel64/libiml_attr.so -mPGOPTI_gen_threadsafe_level=0 -mIPOPT_lto_object_enabled -mIPOPT_lto_object_value=1 -mIPOPT_obj_output_file_name=CMakeFiles/cmTC_7e7de.dir/CMakeFortranCompilerABI.F.o -mIPOPT_whole_archive_fixup_file_name=/tmp/ifortwarcha2P1pt -mGLOB_linker_version=2.27 -mGLOB_driver_tempfile_name=/tmp/iforttempfilefucD86 -mP3OPT_asm_target=P3OPT_ASM_TARGET_GAS -mGLOB_async_unwind_tables=TRUE -mGLOB_obj_output_file=CMakeFiles/cmTC_7e7de.dir/CMakeFortranCompilerABI.F.o -mGLOB_source_dialect=GLOB_SOURCE_DIALECT_FORTRAN -mP1OPT_source_file_name=/nics/e/sw/cs400_centos7.3_acfsoftware/cmake/3.15.4/centos7.3_intel17.2.174/share/cmake-3.15/Modules/CMakeFortranCompilerABI.F -mP1OPT_full_source_file_name=/nics/e/sw/cs400_centos7.3_acfsoftware/cmake/3.15.4/centos7.3_intel17.2.174/share/cmake-3.15/Modules/CMakeFortranCompilerABI.F -mP2OPT_symtab_type_copy=true /tmp/ifortroWBSg.i
#include "..." search starts here:
#include <...> search starts here:
 /nics/e/sw/cs400_centos7.3_acfsoftware/cmake/3.15.4/centos7.3_intel17.2.174/share/cmake-3.15/Modules
 .
 /nics/e/sw/cs400_centos7.3_optsoftware/intel/parallel_studio_xe_2018_update1/impi/2018.1.163/intel64/include
 /nics/e/sw/cs400_centos7.3_optsoftware/intel/parallel_studio_xe_2018_update1/mkl/include
 /nics/e/sw/cs400_centos7.3_optsoftware/intel/parallel_studio_xe_2018_update1/tbb/include
 /nics/e/sw/cs400_centos7.3_optsoftware/intel/parallel_studio_xe_2018_update1/compilers_and_libraries_2018.1.163/linux/compiler/include/intel64
 /nics/e/sw/cs400_centos7.3_optsoftware/intel/parallel_studio_xe_2018_update1/compilers_and_libraries_2018.1.163/linux/compiler/include/icc
 /nics/e/sw/cs400_centos7.3_optsoftware/intel/parallel_studio_xe_2018_update1/compilers_and_libraries_2018.1.163/linux/compiler/include
 /usr/local/include
 /nics/e/sw/cs400_centos7.3_optsoftware/gcc/6.3.0/centos7.3_gnu6.3.0/bin/../lib/gcc/x86_64-pc-linux-gnu/6.3.0/include
 /nics/e/sw/cs400_centos7.3_optsoftware/gcc/6.3.0/centos7.3_gnu6.3.0/bin/../lib/gcc/x86_64-pc-linux-gnu/6.3.0/include-fixed
 /nics/e/sw/cs400_centos7.3_optsoftware/gcc/6.3.0/centos7.3_gnu6.3.0/bin/../include/
 /usr/include
End of search list.
Linking Fortran executable cmTC_7e7de
/nics/e/sw/cs400_centos7.3_acfsoftware/cmake/3.15.4/centos7.3_intel17.2.174/bin/cmake -E cmake_link_script CMakeFiles/cmTC_7e7de.dir/link.txt --verbose=1
/nics/e/sw/cs400_centos7.3_optsoftware/intel/parallel_studio_xe_2018_update1/compilers_and_libraries_2018.1.163/linux/bin/intel64/ifort   -v   CMakeFiles/cmTC_7e7de.dir/CMakeFortranCompilerABI.F.o  -o cmTC_7e7de 
ifort version 18.0.1
/nics/e/sw/cs400_centos7.3_optsoftware/intel/parallel_studio_xe_2018_update1/compilers_and_libraries_2018.1.163/linux/bin/intel64/fortcom    -mGLOB_em64t=TRUE -mP1OPT_version=18.0-intel64 -mGLOB_diag_file=CMakeFiles/cmTC_7e7de.dir/CMakeFortranCompilerABI.F.diag -mGLOB_long_size_64 -mGLOB_routine_pointer_size_64 -mGLOB_source_language=GLOB_SOURCE_LANGUAGE_F90 -mP2OPT_static_promotion -mP1OPT_print_version=FALSE -mCG_use_gas_got_workaround=F -mP2OPT_align_option_used=TRUE -mGLOB_gcc_version=630 "-mGLOB_options_string=-v -o cmTC_7e7de" -mGLOB_cxx_limited_range=FALSE -mCG_extend_parms=FALSE -mGLOB_compiler_bin_directory=/nics/e/sw/cs400_centos7.3_optsoftware/intel/parallel_studio_xe_2018_update1/compilers_and_libraries_2018.1.163/linux/bin/intel64 -mGLOB_as_output_backup_file_name=/tmp/ifortMJn4yUas_.s -mGLOB_dashboard_use_source_name -mIPOPT_activate -mGLOB_product_id_code=0x22006d90 -mP3OPT_use_mspp_call_convention -mP2OPT_subs_out_of_bound=FALSE -mP2OPT_disam_type_based_disam=2 -mGLOB_ansi_alias -mPGOPTI_value_profile_use=T -mGLOB_opt_report_use_source_name -mP2OPT_il0_array_sections=TRUE -mGLOB_offload_mode=1 -mP2OPT_offload_unique_var_string=ifort0585896424NZ4tB8 -mP2OPT_hlo -mP2OPT_hpo_rtt_control=0 -mIPOPT_args_in_regs=0 -mP2OPT_disam_assume_nonstd_intent_in=FALSE -mGLOB_imf_mapping_library=/nics/e/sw/cs400_centos7.3_optsoftware/intel/parallel_studio_xe_2018_update1/compilers_and_libraries_2018.1.163/linux/bin/intel64/libiml_attr.so -mPGOPTI_gen_threadsafe_level=0 -mIPOPT_link -mIPOPT_ipo_activate -mIPOPT_mo_activate -mIPOPT_source_files_list=/tmp/ifortslisgrzTvY -mIPOPT_mo_global_data -mIPOPT_link_script_file=/tmp/ifortscripteetJwC "-mIPOPT_cmdline_link="/lib/../lib64/crt1.o" "/lib/../lib64/crti.o" "/nics/e/sw/cs400_centos7.3_optsoftware/gcc/6.3.0/centos7.3_gnu6.3.0/bin/../lib/gcc/x86_64-pc-linux-gnu/6.3.0/crtbegin.o" "--eh-frame-hdr" "--build-id" "-dynamic-linker" "/lib64/ld-linux-x86-64.so.2" "-m" "elf_x86_64" "-o" "cmTC_7e7de" "/nics/e/sw/cs400_centos7.3_optsoftware/intel/parallel_studio_xe_2018_update1/compilers_and_libraries_2018.1.163/linux/compiler/lib/intel64_lin/for_main.o" "-L/nics/e/sw/cs400_centos7.3_optsoftware/intel/parallel_studio_xe_2018_update1/impi/2018.1.163/intel64/lib" "-L/nics/e/sw/cs400_centos7.3_optsoftware/intel/parallel_studio_xe_2018_update1/compilers_and_libraries_2018.1.163/linux/compiler/lib/intel64" "-L/nics/e/sw/cs400_centos7.3_optsoftware/intel/parallel_studio_xe_2018_update1/ipp/lib/intel64" "-L/nics/e/sw/cs400_centos7.3_optsoftware/intel/parallel_studio_xe_2018_update1/mkl/lib/intel64" "-L/nics/e/sw/cs400_centos7.3_optsoftware/intel/parallel_studio_xe_2018_update1/compilers_and_libraries_2018.1.163/linux/mpi/intel64/lib" "-L/nics/e/sw/cs400_centos7.3_optsoftware/intel/parallel_studio_xe_2018_update1/tbb/lib/intel64" "-L/nics/e/sw/cs400_centos7.3_optsoftware/intel/parallel_studio_xe_2018_update1/compilers_and_libraries_2018.1.163/linux/compiler/lib/intel64_lin" "-L/nics/e/sw/cs400_centos7.3_optsoftware/gcc/6.3.0/centos7.3_gnu6.3.0/bin/../lib/gcc/x86_64-pc-linux-gnu/6.3.0/" "-L/nics/e/sw/cs400_centos7.3_optsoftware/gcc/6.3.0/centos7.3_gnu6.3.0/bin/../lib/gcc/" "-L/nics/e/sw/cs400_centos7.3_optsoftware/gcc/6.3.0/centos7.3_gnu6.3.0/bin/../lib/gcc/x86_64-pc-linux-gnu/6.3.0/../../../../lib64" "-L/nics/e/sw/cs400_centos7.3_optsoftware/gcc/6.3.0/centos7.3_gnu6.3.0/bin/../lib/gcc/x86_64-pc-linux-gnu/6.3.0/../../../../lib64/" "-L/lib/../lib64" "-L/lib/../lib64/" "-L/usr/lib/../lib64" "-L/usr/lib/../lib64/" "-L/nics/e/sw/cs400_centos7.3_optsoftware/intel/parallel_studio_xe_2018_update1/impi/2018.1.163/intel64/lib/" "-L/nics/e/sw/cs400_centos7.3_optsoftware/intel/parallel_studio_xe_2018_update1/compilers_and_libraries_2018.1.163/linux/compiler/lib/intel64/" "-L/nics/e/sw/cs400_centos7.3_optsoftware/intel/parallel_studio_xe_2018_update1/ipp/lib/intel64/" "-L/nics/e/sw/cs400_centos7.3_optsoftware/intel/parallel_studio_xe_2018_update1/mkl/lib/intel64/" "-L/nics/e/sw/cs400_centos7.3_optsoftware/intel/parallel_studio_xe_2018_update1/compilers_and_libraries_2018.1.163/linux/mpi/intel64/lib/" "-L/nics/e/sw/cs400_centos7.3_optsoftware/intel/parallel_studio_xe_2018_update1/tbb/lib/intel64/" "-L/nics/e/sw/cs400_centos7.3_optsoftware/gcc/6.3.0/centos7.3_gnu6.3.0/bin/../lib/gcc/x86_64-pc-linux-gnu/6.3.0/../../../" "-L/lib64" "-L/lib/" "-L/usr/lib64" "-L/usr/lib" "CMakeFiles/cmTC_7e7de.dir/CMakeFortranCompilerABI.F.o" "-Bdynamic" "-Bstatic" "-lifport" "-lifcoremt" "-limf" "-lsvml" "-Bdynamic" "-lm" "-Bstatic" "-lipgo" "-lirc" "-Bdynamic" "-lpthread" "-Bstatic" "-lsvml" "-Bdynamic" "-lc" "-lgcc" "-lgcc_s" "-Bstatic" "-lirc_s" "-Bdynamic" "-ldl" "-lc" "/nics/e/sw/cs400_centos7.3_optsoftware/gcc/6.3.0/centos7.3_gnu6.3.0/bin/../lib/gcc/x86_64-pc-linux-gnu/6.3.0/crtend.o" "/lib/../lib64/crtn.o"" -mIPOPT_il_in_obj -mIPOPT_ipo_activate_warn=FALSE -mIPOPT_obj_output_file_name=/tmp/ipo_ifortJXr2q6.o -mIPOPT_whole_archive_fixup_file_name=/tmp/ifortwarchdlc4EQ -mGLOB_linker_version=2.27 -mGLOB_driver_tempfile_name=/tmp/iforttempfileOX6LHu -mP3OPT_asm_target=P3OPT_ASM_TARGET_GAS -mGLOB_async_unwind_tables=TRUE -mGLOB_obj_output_file=/tmp/ipo_ifortJXr2q6.o -mGLOB_source_dialect=GLOB_SOURCE_DIALECT_NONE -mP1OPT_source_file_name=ipo_out.f -mP2OPT_symtab_type_copy=true CMakeFiles/cmTC_7e7de.dir/CMakeFortranCompilerABI.F.o -mIPOPT_object_files=T -mIPOPT_assembly_files=/tmp/ifortalis3XaDso -mIPOPT_generated_tempfiles=/tmp/iforteliszfsrt2 -mIPOPT_embedded_object_base_name=/tmp/iforteobjkTyfuG -mIPOPT_cmdline_link_new_name=/tmp/ifortllistf53uk
ld    /lib/../lib64/crt1.o /lib/../lib64/crti.o /nics/e/sw/cs400_centos7.3_optsoftware/gcc/6.3.0/centos7.3_gnu6.3.0/bin/../lib/gcc/x86_64-pc-linux-gnu/6.3.0/crtbegin.o --eh-frame-hdr --build-id -dynamic-linker /lib64/ld-linux-x86-64.so.2 -m elf_x86_64 -o cmTC_7e7de /nics/e/sw/cs400_centos7.3_optsoftware/intel/parallel_studio_xe_2018_update1/compilers_and_libraries_2018.1.163/linux/compiler/lib/intel64_lin/for_main.o -L/nics/e/sw/cs400_centos7.3_optsoftware/intel/parallel_studio_xe_2018_update1/impi/2018.1.163/intel64/lib -L/nics/e/sw/cs400_centos7.3_optsoftware/intel/parallel_studio_xe_2018_update1/compilers_and_libraries_2018.1.163/linux/compiler/lib/intel64 -L/nics/e/sw/cs400_centos7.3_optsoftware/intel/parallel_studio_xe_2018_update1/ipp/lib/intel64 -L/nics/e/sw/cs400_centos7.3_optsoftware/intel/parallel_studio_xe_2018_update1/mkl/lib/intel64 -L/nics/e/sw/cs400_centos7.3_optsoftware/intel/parallel_studio_xe_2018_update1/compilers_and_libraries_2018.1.163/linux/mpi/intel64/lib -L/nics/e/sw/cs400_centos7.3_optsoftware/intel/parallel_studio_xe_2018_update1/tbb/lib/intel64 -L/nics/e/sw/cs400_centos7.3_optsoftware/intel/parallel_studio_xe_2018_update1/compilers_and_libraries_2018.1.163/linux/compiler/lib/intel64_lin -L/nics/e/sw/cs400_centos7.3_optsoftware/gcc/6.3.0/centos7.3_gnu6.3.0/bin/../lib/gcc/x86_64-pc-linux-gnu/6.3.0/ -L/nics/e/sw/cs400_centos7.3_optsoftware/gcc/6.3.0/centos7.3_gnu6.3.0/bin/../lib/gcc/ -L/nics/e/sw/cs400_centos7.3_optsoftware/gcc/6.3.0/centos7.3_gnu6.3.0/bin/../lib/gcc/x86_64-pc-linux-gnu/6.3.0/../../../../lib64 -L/nics/e/sw/cs400_centos7.3_optsoftware/gcc/6.3.0/centos7.3_gnu6.3.0/bin/../lib/gcc/x86_64-pc-linux-gnu/6.3.0/../../../../lib64/ -L/lib/../lib64 -L/lib/../lib64/ -L/usr/lib/../lib64 -L/usr/lib/../lib64/ -L/nics/e/sw/cs400_centos7.3_optsoftware/intel/parallel_studio_xe_2018_update1/impi/2018.1.163/intel64/lib/ -L/nics/e/sw/cs400_centos7.3_optsoftware/intel/parallel_studio_xe_2018_update1/compilers_and_libraries_2018.1.163/linux/compiler/lib/intel64/ -L/nics/e/sw/cs400_centos7.3_optsoftware/intel/parallel_studio_xe_2018_update1/ipp/lib/intel64/ -L/nics/e/sw/cs400_centos7.3_optsoftware/intel/parallel_studio_xe_2018_update1/mkl/lib/intel64/ -L/nics/e/sw/cs400_centos7.3_optsoftware/intel/parallel_studio_xe_2018_update1/compilers_and_libraries_2018.1.163/linux/mpi/intel64/lib/ -L/nics/e/sw/cs400_centos7.3_optsoftware/intel/parallel_studio_xe_2018_update1/tbb/lib/intel64/ -L/nics/e/sw/cs400_centos7.3_optsoftware/gcc/6.3.0/centos7.3_gnu6.3.0/bin/../lib/gcc/x86_64-pc-linux-gnu/6.3.0/../../../ -L/lib64 -L/lib/ -L/usr/lib64 -L/usr/lib CMakeFiles/cmTC_7e7de.dir/CMakeFortranCompilerABI.F.o -Bdynamic -Bstatic -lifport -lifcoremt -limf -lsvml -Bdynamic -lm -Bstatic -lipgo -lirc -Bdynamic -lpthread -Bstatic -lsvml -Bdynamic -lc -lgcc -lgcc_s -Bstatic -lirc_s -Bdynamic -ldl -lc /nics/e/sw/cs400_centos7.3_optsoftware/gcc/6.3.0/centos7.3_gnu6.3.0/bin/../lib/gcc/x86_64-pc-linux-gnu/6.3.0/crtend.o /lib/../lib64/crtn.o
gmake[2]: Leaving directory `/lustre/haven/proj/UTK0105/lake_modeling/gotm-git/cases/build/CMakeFiles/CMakeTmp'
gmake[1]: Leaving directory `/lustre/haven/proj/UTK0105/lake_modeling/gotm-git/cases/build/CMakeFiles/CMakeTmp'



Parsed Fortran implicit include dir info from above output: rv=done
  found start of include info
  found start of implicit include info
    add: [.]
    add: [/nics/e/sw/cs400_centos7.3_optsoftware/intel/parallel_studio_xe_2018_update1/impi/2018.1.163/intel64/include]
    add: [/nics/e/sw/cs400_centos7.3_optsoftware/intel/parallel_studio_xe_2018_update1/mkl/include]
    add: [/nics/e/sw/cs400_centos7.3_optsoftware/intel/parallel_studio_xe_2018_update1/tbb/include]
    add: [/nics/e/sw/cs400_centos7.3_optsoftware/intel/parallel_studio_xe_2018_update1/compilers_and_libraries_2018.1.163/linux/compiler/include/intel64]
    add: [/nics/e/sw/cs400_centos7.3_optsoftware/intel/parallel_studio_xe_2018_update1/compilers_and_libraries_2018.1.163/linux/compiler/include/icc]
    add: [/nics/e/sw/cs400_centos7.3_optsoftware/intel/parallel_studio_xe_2018_update1/compilers_and_libraries_2018.1.163/linux/compiler/include]
    add: [/usr/local/include]
    add: [/nics/e/sw/cs400_centos7.3_optsoftware/gcc/6.3.0/centos7.3_gnu6.3.0/bin/../lib/gcc/x86_64-pc-linux-gnu/6.3.0/include]
    add: [/nics/e/sw/cs400_centos7.3_optsoftware/gcc/6.3.0/centos7.3_gnu6.3.0/bin/../lib/gcc/x86_64-pc-linux-gnu/6.3.0/include-fixed]
    add: [/nics/e/sw/cs400_centos7.3_optsoftware/gcc/6.3.0/centos7.3_gnu6.3.0/bin/../include/]
    add: [/usr/include]
  end of search list found
  skipping relative include dir [.]
  collapse include dir [/nics/e/sw/cs400_centos7.3_optsoftware/intel/parallel_studio_xe_2018_update1/impi/2018.1.163/intel64/include] ==> [/nics/e/sw/cs400_centos7.3_optsoftware/intel/parallel_studio_xe_2018_update1/impi/2018.1.163/intel64/include]
  collapse include dir [/nics/e/sw/cs400_centos7.3_optsoftware/intel/parallel_studio_xe_2018_update1/mkl/include] ==> [/nics/e/sw/cs400_centos7.3_optsoftware/intel/parallel_studio_xe_2018_update1/mkl/include]
  collapse include dir [/nics/e/sw/cs400_centos7.3_optsoftware/intel/parallel_studio_xe_2018_update1/tbb/include] ==> [/nics/e/sw/cs400_centos7.3_optsoftware/intel/parallel_studio_xe_2018_update1/tbb/include]
  collapse include dir [/nics/e/sw/cs400_centos7.3_optsoftware/intel/parallel_studio_xe_2018_update1/compilers_and_libraries_2018.1.163/linux/compiler/include/intel64] ==> [/nics/e/sw/cs400_centos7.3_optsoftware/intel/parallel_studio_xe_2018_update1/compilers_and_libraries_2018.1.163/linux/compiler/include/intel64]
  collapse include dir [/nics/e/sw/cs400_centos7.3_optsoftware/intel/parallel_studio_xe_2018_update1/compilers_and_libraries_2018.1.163/linux/compiler/include/icc] ==> [/nics/e/sw/cs400_centos7.3_optsoftware/intel/parallel_studio_xe_2018_update1/compilers_and_libraries_2018.1.163/linux/compiler/include/icc]
  collapse include dir [/nics/e/sw/cs400_centos7.3_optsoftware/intel/parallel_studio_xe_2018_update1/compilers_and_libraries_2018.1.163/linux/compiler/include] ==> [/nics/e/sw/cs400_centos7.3_optsoftware/intel/parallel_studio_xe_2018_update1/compilers_and_libraries_2018.1.163/linux/compiler/include]
  collapse include dir [/usr/local/include] ==> [/usr/local/include]
  collapse include dir [/nics/e/sw/cs400_centos7.3_optsoftware/gcc/6.3.0/centos7.3_gnu6.3.0/bin/../lib/gcc/x86_64-pc-linux-gnu/6.3.0/include] ==> [/nics/e/sw/cs400_centos7.3_optsoftware/gcc/6.3.0/centos7.3_gnu6.3.0/lib/gcc/x86_64-pc-linux-gnu/6.3.0/include]
  collapse include dir [/nics/e/sw/cs400_centos7.3_optsoftware/gcc/6.3.0/centos7.3_gnu6.3.0/bin/../lib/gcc/x86_64-pc-linux-gnu/6.3.0/include-fixed] ==> [/nics/e/sw/cs400_centos7.3_optsoftware/gcc/6.3.0/centos7.3_gnu6.3.0/lib/gcc/x86_64-pc-linux-gnu/6.3.0/include-fixed]
  collapse include dir [/nics/e/sw/cs400_centos7.3_optsoftware/gcc/6.3.0/centos7.3_gnu6.3.0/bin/../include/] ==> [/nics/e/sw/cs400_centos7.3_optsoftware/gcc/6.3.0/centos7.3_gnu6.3.0/include]
  collapse include dir [/usr/include] ==> [/usr/include]
  implicit include dirs: [/nics/e/sw/cs400_centos7.3_optsoftware/intel/parallel_studio_xe_2018_update1/impi/2018.1.163/intel64/include;/nics/e/sw/cs400_centos7.3_optsoftware/intel/parallel_studio_xe_2018_update1/mkl/include;/nics/e/sw/cs400_centos7.3_optsoftware/intel/parallel_studio_xe_2018_update1/tbb/include;/nics/e/sw/cs400_centos7.3_optsoftware/intel/parallel_studio_xe_2018_update1/compilers_and_libraries_2018.1.163/linux/compiler/include/intel64;/nics/e/sw/cs400_centos7.3_optsoftware/intel/parallel_studio_xe_2018_update1/compilers_and_libraries_2018.1.163/linux/compiler/include/icc;/nics/e/sw/cs400_centos7.3_optsoftware/intel/parallel_studio_xe_2018_update1/compilers_and_libraries_2018.1.163/linux/compiler/include;/usr/local/include;/nics/e/sw/cs400_centos7.3_optsoftware/gcc/6.3.0/centos7.3_gnu6.3.0/lib/gcc/x86_64-pc-linux-gnu/6.3.0/include;/nics/e/sw/cs400_centos7.3_optsoftware/gcc/6.3.0/centos7.3_gnu6.3.0/lib/gcc/x86_64-pc-linux-gnu/6.3.0/include-fixed;/nics/e/sw/cs400_centos7.3_optsoftware/gcc/6.3.0/centos7.3_gnu6.3.0/include;/usr/include]


Parsed Fortran implicit link information from above output:
  link line regex: [^( *|.*[/\])(ld|CMAKE_LINK_STARTFILE-NOTFOUND|([^/\]+-)?ld|collect2)[^/\]*( |$)]
  ignore line: [Change Dir: /lustre/haven/proj/UTK0105/lake_modeling/gotm-git/cases/build/CMakeFiles/CMakeTmp]
  ignore line: []
  ignore line: [Run Build Command(s):/bin/gmake cmTC_7e7de/fast && gmake[1]: Entering directory `/lustre/haven/proj/UTK0105/lake_modeling/gotm-git/cases/build/CMakeFiles/CMakeTmp']
  ignore line: [/bin/gmake -f CMakeFiles/cmTC_7e7de.dir/build.make CMakeFiles/cmTC_7e7de.dir/build]
  ignore line: [gmake[2]: Entering directory `/lustre/haven/proj/UTK0105/lake_modeling/gotm-git/cases/build/CMakeFiles/CMakeTmp']
  ignore line: [Building Fortran object CMakeFiles/cmTC_7e7de.dir/CMakeFortranCompilerABI.F.o]
  ignore line: [/nics/e/sw/cs400_centos7.3_optsoftware/intel/parallel_studio_xe_2018_update1/compilers_and_libraries_2018.1.163/linux/bin/intel64/ifort   -v -c /nics/e/sw/cs400_centos7.3_acfsoftware/cmake/3.15.4/centos7.3_intel17.2.174/share/cmake-3.15/Modules/CMakeFortranCompilerABI.F -o CMakeFiles/cmTC_7e7de.dir/CMakeFortranCompilerABI.F.o]
  ignore line: [ifort version 18.0.1]
  ignore line: [/nics/e/sw/cs400_centos7.3_optsoftware/intel/parallel_studio_xe_2018_update1/compilers_and_libraries_2018.1.163/linux/bin/intel64/fpp    -D__INTEL_COMPILER=1800 -D__INTEL_COMPILER_UPDATE=1 -D__unix__ -D__unix -D__linux__ -D__linux -D__gnu_linux__ -Dunix -Dlinux -D__ELF__ -D__x86_64 -D__x86_64__ -D__amd64 -D__amd64__ -D__INTEL_COMPILER_BUILD_DATE=20171018 -D__INTEL_OFFLOAD -D__i686 -D__i686__ -D__pentiumpro -D__pentiumpro__ -D__pentium4 -D__pentium4__ -D__tune_pentium4__ -D__SSE2__ -D__SSE2_MATH__ -D__SSE__ -D__SSE_MATH__ -D__MMX__ -I. -I/nics/e/sw/cs400_centos7.3_optsoftware/intel/parallel_studio_xe_2018_update1/impi/2018.1.163/intel64/include -I/nics/e/sw/cs400_centos7.3_optsoftware/intel/parallel_studio_xe_2018_update1/mkl/include -I/nics/e/sw/cs400_centos7.3_optsoftware/intel/parallel_studio_xe_2018_update1/tbb/include -I/nics/e/sw/cs400_centos7.3_optsoftware/intel/parallel_studio_xe_2018_update1/compilers_and_libraries_2018.1.163/linux/compiler/include/intel64 -I/nics/e/sw/cs400_centos7.3_optsoftware/intel/parallel_studio_xe_2018_update1/compilers_and_libraries_2018.1.163/linux/compiler/include/icc -I/nics/e/sw/cs400_centos7.3_optsoftware/intel/parallel_studio_xe_2018_update1/compilers_and_libraries_2018.1.163/linux/compiler/include -I/usr/local/include -I/nics/e/sw/cs400_centos7.3_optsoftware/gcc/6.3.0/centos7.3_gnu6.3.0/bin/../lib/gcc/x86_64-pc-linux-gnu/6.3.0/include -I/nics/e/sw/cs400_centos7.3_optsoftware/gcc/6.3.0/centos7.3_gnu6.3.0/bin/../lib/gcc/x86_64-pc-linux-gnu/6.3.0/include-fixed -I/nics/e/sw/cs400_centos7.3_optsoftware/gcc/6.3.0/centos7.3_gnu6.3.0/bin/../include/ -I/usr/include -fixed -4Ycpp -4Ncvf -f_com=yes -MX /nics/e/sw/cs400_centos7.3_acfsoftware/cmake/3.15.4/centos7.3_intel17.2.174/share/cmake-3.15/Modules/CMakeFortranCompilerABI.F /tmp/ifortroWBSg.i]
  ignore line: [#include "..." search starts here:]
  ignore line: [#include <...> search starts here:]
  ignore line: [ .]
  ignore line: [ /nics/e/sw/cs400_centos7.3_optsoftware/intel/parallel_studio_xe_2018_update1/impi/2018.1.163/intel64/include]
  ignore line: [ /nics/e/sw/cs400_centos7.3_optsoftware/intel/parallel_studio_xe_2018_update1/mkl/include]
  ignore line: [ /nics/e/sw/cs400_centos7.3_optsoftware/intel/parallel_studio_xe_2018_update1/tbb/include]
  ignore line: [ /nics/e/sw/cs400_centos7.3_optsoftware/intel/parallel_studio_xe_2018_update1/compilers_and_libraries_2018.1.163/linux/compiler/include/intel64]
  ignore line: [ /nics/e/sw/cs400_centos7.3_optsoftware/intel/parallel_studio_xe_2018_update1/compilers_and_libraries_2018.1.163/linux/compiler/include/icc]
  ignore line: [ /nics/e/sw/cs400_centos7.3_optsoftware/intel/parallel_studio_xe_2018_update1/compilers_and_libraries_2018.1.163/linux/compiler/include]
  ignore line: [ /usr/local/include]
  ignore line: [ /nics/e/sw/cs400_centos7.3_optsoftware/gcc/6.3.0/centos7.3_gnu6.3.0/bin/../lib/gcc/x86_64-pc-linux-gnu/6.3.0/include]
  ignore line: [ /nics/e/sw/cs400_centos7.3_optsoftware/gcc/6.3.0/centos7.3_gnu6.3.0/bin/../lib/gcc/x86_64-pc-linux-gnu/6.3.0/include-fixed]
  ignore line: [ /nics/e/sw/cs400_centos7.3_optsoftware/gcc/6.3.0/centos7.3_gnu6.3.0/bin/../include/]
  ignore line: [ /usr/include]
  ignore line: [End of search list.]
  ignore line: [/nics/e/sw/cs400_centos7.3_optsoftware/intel/parallel_studio_xe_2018_update1/compilers_and_libraries_2018.1.163/linux/bin/intel64/fortcom    -D__INTEL_COMPILER=1800 -D__INTEL_COMPILER_UPDATE=1 -D__unix__ -D__unix -D__linux__ -D__linux -D__gnu_linux__ -Dunix -Dlinux -D__ELF__ -D__x86_64 -D__x86_64__ -D__amd64 -D__amd64__ -D__INTEL_COMPILER_BUILD_DATE=20171018 -D__INTEL_OFFLOAD -D__i686 -D__i686__ -D__pentiumpro -D__pentiumpro__ -D__pentium4 -D__pentium4__ -D__tune_pentium4__ -D__SSE2__ -D__SSE2_MATH__ -D__SSE__ -D__SSE_MATH__ -D__MMX__ -mGLOB_pack_sort_init_list -I/nics/e/sw/cs400_centos7.3_acfsoftware/cmake/3.15.4/centos7.3_intel17.2.174/share/cmake-3.15/Modules -I. -I/nics/e/sw/cs400_centos7.3_optsoftware/intel/parallel_studio_xe_2018_update1/impi/2018.1.163/intel64/include -I/nics/e/sw/cs400_centos7.3_optsoftware/intel/parallel_studio_xe_2018_update1/mkl/include -I/nics/e/sw/cs400_centos7.3_optsoftware/intel/parallel_studio_xe_2018_update1/tbb/include -I/nics/e/sw/cs400_centos7.3_optsoftware/intel/parallel_studio_xe_2018_update1/compilers_and_libraries_2018.1.163/linux/compiler/include/intel64 -I/nics/e/sw/cs400_centos7.3_optsoftware/intel/parallel_studio_xe_2018_update1/compilers_and_libraries_2018.1.163/linux/compiler/include/icc -I/nics/e/sw/cs400_centos7.3_optsoftware/intel/parallel_studio_xe_2018_update1/compilers_and_libraries_2018.1.163/linux/compiler/include -I/usr/local/include -I/nics/e/sw/cs400_centos7.3_optsoftware/gcc/6.3.0/centos7.3_gnu6.3.0/bin/../lib/gcc/x86_64-pc-linux-gnu/6.3.0/include -I/nics/e/sw/cs400_centos7.3_optsoftware/gcc/6.3.0/centos7.3_gnu6.3.0/bin/../lib/gcc/x86_64-pc-linux-gnu/6.3.0/include-fixed -I/nics/e/sw/cs400_centos7.3_optsoftware/gcc/6.3.0/centos7.3_gnu6.3.0/bin/../include/ -I/usr/include -O2 "-reentrancy threaded" -simd -offload_host -mGLOB_em64t=TRUE -mP1OPT_version=18.0-intel64 -mGLOB_diag_file=CMakeFiles/cmTC_7e7de.dir/CMakeFortranCompilerABI.F.diag -mGLOB_long_size_64 -mGLOB_routine_pointer_size_64 -mGLOB_source_language=GLOB_SOURCE_LANGUAGE_F90 -mP2OPT_static_promotion -mP1OPT_print_version=FALSE -mCG_use_gas_got_workaround=F -mP2OPT_align_option_used=TRUE -mGLOB_gcc_version=630 "-mGLOB_options_string=-v -c -o CMakeFiles/cmTC_7e7de.dir/CMakeFortranCompilerABI.F.o" -mGLOB_cxx_limited_range=FALSE -mCG_extend_parms=FALSE -mGLOB_compiler_bin_directory=/nics/e/sw/cs400_centos7.3_optsoftware/intel/parallel_studio_xe_2018_update1/compilers_and_libraries_2018.1.163/linux/bin/intel64 -mGLOB_as_output_backup_file_name=/tmp/iforte1YbZbas_.s -mIPOPT_activate -mIPOPT_lite -mGLOB_instruction_tuning=0x0 -mGLOB_uarch_tuning=0x0 -mGLOB_product_id_code=0x22006d90 -mCG_bnl_movbe=T -mGLOB_extended_instructions=0x8 -mP3OPT_use_mspp_call_convention -mP2OPT_subs_out_of_bound=FALSE -mP2OPT_disam_type_based_disam=2 -mGLOB_ansi_alias -mPGOPTI_value_profile_use=T -mP2OPT_il0_array_sections=TRUE -mGLOB_offload_mode=1 -mP2OPT_offload_unique_var_string=ifort1765286694dgDwB9 -mP2OPT_hlo_level=2 -mP2OPT_hlo -mP2OPT_hpo_rtt_control=0 -mIPOPT_args_in_regs=0 -mP2OPT_disam_assume_nonstd_intent_in=FALSE -mGLOB_imf_mapping_library=/nics/e/sw/cs400_centos7.3_optsoftware/intel/parallel_studio_xe_2018_update1/compilers_and_libraries_2018.1.163/linux/bin/intel64/libiml_attr.so -mPGOPTI_gen_threadsafe_level=0 -mIPOPT_lto_object_enabled -mIPOPT_lto_object_value=1 -mIPOPT_obj_output_file_name=CMakeFiles/cmTC_7e7de.dir/CMakeFortranCompilerABI.F.o -mIPOPT_whole_archive_fixup_file_name=/tmp/ifortwarcha2P1pt -mGLOB_linker_version=2.27 -mGLOB_driver_tempfile_name=/tmp/iforttempfilefucD86 -mP3OPT_asm_target=P3OPT_ASM_TARGET_GAS -mGLOB_async_unwind_tables=TRUE -mGLOB_obj_output_file=CMakeFiles/cmTC_7e7de.dir/CMakeFortranCompilerABI.F.o -mGLOB_source_dialect=GLOB_SOURCE_DIALECT_FORTRAN -mP1OPT_source_file_name=/nics/e/sw/cs400_centos7.3_acfsoftware/cmake/3.15.4/centos7.3_intel17.2.174/share/cmake-3.15/Modules/CMakeFortranCompilerABI.F -mP1OPT_full_source_file_name=/nics/e/sw/cs400_centos7.3_acfsoftware/cmake/3.15.4/centos7.3_intel17.2.174/share/cmake-3.15/Modules/CMakeFortranCompilerABI.F -mP2OPT_symtab_type_copy=true /tmp/ifortroWBSg.i]
  ignore line: [#include "..." search starts here:]
  ignore line: [#include <...> search starts here:]
  ignore line: [ /nics/e/sw/cs400_centos7.3_acfsoftware/cmake/3.15.4/centos7.3_intel17.2.174/share/cmake-3.15/Modules]
  ignore line: [ .]
  ignore line: [ /nics/e/sw/cs400_centos7.3_optsoftware/intel/parallel_studio_xe_2018_update1/impi/2018.1.163/intel64/include]
  ignore line: [ /nics/e/sw/cs400_centos7.3_optsoftware/intel/parallel_studio_xe_2018_update1/mkl/include]
  ignore line: [ /nics/e/sw/cs400_centos7.3_optsoftware/intel/parallel_studio_xe_2018_update1/tbb/include]
  ignore line: [ /nics/e/sw/cs400_centos7.3_optsoftware/intel/parallel_studio_xe_2018_update1/compilers_and_libraries_2018.1.163/linux/compiler/include/intel64]
  ignore line: [ /nics/e/sw/cs400_centos7.3_optsoftware/intel/parallel_studio_xe_2018_update1/compilers_and_libraries_2018.1.163/linux/compiler/include/icc]
  ignore line: [ /nics/e/sw/cs400_centos7.3_optsoftware/intel/parallel_studio_xe_2018_update1/compilers_and_libraries_2018.1.163/linux/compiler/include]
  ignore line: [ /usr/local/include]
  ignore line: [ /nics/e/sw/cs400_centos7.3_optsoftware/gcc/6.3.0/centos7.3_gnu6.3.0/bin/../lib/gcc/x86_64-pc-linux-gnu/6.3.0/include]
  ignore line: [ /nics/e/sw/cs400_centos7.3_optsoftware/gcc/6.3.0/centos7.3_gnu6.3.0/bin/../lib/gcc/x86_64-pc-linux-gnu/6.3.0/include-fixed]
  ignore line: [ /nics/e/sw/cs400_centos7.3_optsoftware/gcc/6.3.0/centos7.3_gnu6.3.0/bin/../include/]
  ignore line: [ /usr/include]
  ignore line: [End of search list.]
  ignore line: [Linking Fortran executable cmTC_7e7de]
  ignore line: [/nics/e/sw/cs400_centos7.3_acfsoftware/cmake/3.15.4/centos7.3_intel17.2.174/bin/cmake -E cmake_link_script CMakeFiles/cmTC_7e7de.dir/link.txt --verbose=1]
  ignore line: [/nics/e/sw/cs400_centos7.3_optsoftware/intel/parallel_studio_xe_2018_update1/compilers_and_libraries_2018.1.163/linux/bin/intel64/ifort   -v   CMakeFiles/cmTC_7e7de.dir/CMakeFortranCompilerABI.F.o  -o cmTC_7e7de ]
  ignore line: [ifort version 18.0.1]
  ignore line: [/nics/e/sw/cs400_centos7.3_optsoftware/intel/parallel_studio_xe_2018_update1/compilers_and_libraries_2018.1.163/linux/bin/intel64/fortcom    -mGLOB_em64t=TRUE -mP1OPT_version=18.0-intel64 -mGLOB_diag_file=CMakeFiles/cmTC_7e7de.dir/CMakeFortranCompilerABI.F.diag -mGLOB_long_size_64 -mGLOB_routine_pointer_size_64 -mGLOB_source_language=GLOB_SOURCE_LANGUAGE_F90 -mP2OPT_static_promotion -mP1OPT_print_version=FALSE -mCG_use_gas_got_workaround=F -mP2OPT_align_option_used=TRUE -mGLOB_gcc_version=630 "-mGLOB_options_string=-v -o cmTC_7e7de" -mGLOB_cxx_limited_range=FALSE -mCG_extend_parms=FALSE -mGLOB_compiler_bin_directory=/nics/e/sw/cs400_centos7.3_optsoftware/intel/parallel_studio_xe_2018_update1/compilers_and_libraries_2018.1.163/linux/bin/intel64 -mGLOB_as_output_backup_file_name=/tmp/ifortMJn4yUas_.s -mGLOB_dashboard_use_source_name -mIPOPT_activate -mGLOB_product_id_code=0x22006d90 -mP3OPT_use_mspp_call_convention -mP2OPT_subs_out_of_bound=FALSE -mP2OPT_disam_type_based_disam=2 -mGLOB_ansi_alias -mPGOPTI_value_profile_use=T -mGLOB_opt_report_use_source_name -mP2OPT_il0_array_sections=TRUE -mGLOB_offload_mode=1 -mP2OPT_offload_unique_var_string=ifort0585896424NZ4tB8 -mP2OPT_hlo -mP2OPT_hpo_rtt_control=0 -mIPOPT_args_in_regs=0 -mP2OPT_disam_assume_nonstd_intent_in=FALSE -mGLOB_imf_mapping_library=/nics/e/sw/cs400_centos7.3_optsoftware/intel/parallel_studio_xe_2018_update1/compilers_and_libraries_2018.1.163/linux/bin/intel64/libiml_attr.so -mPGOPTI_gen_threadsafe_level=0 -mIPOPT_link -mIPOPT_ipo_activate -mIPOPT_mo_activate -mIPOPT_source_files_list=/tmp/ifortslisgrzTvY -mIPOPT_mo_global_data -mIPOPT_link_script_file=/tmp/ifortscripteetJwC "-mIPOPT_cmdline_link="/lib/../lib64/crt1.o" "/lib/../lib64/crti.o" "/nics/e/sw/cs400_centos7.3_optsoftware/gcc/6.3.0/centos7.3_gnu6.3.0/bin/../lib/gcc/x86_64-pc-linux-gnu/6.3.0/crtbegin.o" "--eh-frame-hdr" "--build-id" "-dynamic-linker" "/lib64/ld-linux-x86-64.so.2" "-m" "elf_x86_64" "-o" "cmTC_7e7de" "/nics/e/sw/cs400_centos7.3_optsoftware/intel/parallel_studio_xe_2018_update1/compilers_and_libraries_2018.1.163/linux/compiler/lib/intel64_lin/for_main.o" "-L/nics/e/sw/cs400_centos7.3_optsoftware/intel/parallel_studio_xe_2018_update1/impi/2018.1.163/intel64/lib" "-L/nics/e/sw/cs400_centos7.3_optsoftware/intel/parallel_studio_xe_2018_update1/compilers_and_libraries_2018.1.163/linux/compiler/lib/intel64" "-L/nics/e/sw/cs400_centos7.3_optsoftware/intel/parallel_studio_xe_2018_update1/ipp/lib/intel64" "-L/nics/e/sw/cs400_centos7.3_optsoftware/intel/parallel_studio_xe_2018_update1/mkl/lib/intel64" "-L/nics/e/sw/cs400_centos7.3_optsoftware/intel/parallel_studio_xe_2018_update1/compilers_and_libraries_2018.1.163/linux/mpi/intel64/lib" "-L/nics/e/sw/cs400_centos7.3_optsoftware/intel/parallel_studio_xe_2018_update1/tbb/lib/intel64" "-L/nics/e/sw/cs400_centos7.3_optsoftware/intel/parallel_studio_xe_2018_update1/compilers_and_libraries_2018.1.163/linux/compiler/lib/intel64_lin" "-L/nics/e/sw/cs400_centos7.3_optsoftware/gcc/6.3.0/centos7.3_gnu6.3.0/bin/../lib/gcc/x86_64-pc-linux-gnu/6.3.0/" "-L/nics/e/sw/cs400_centos7.3_optsoftware/gcc/6.3.0/centos7.3_gnu6.3.0/bin/../lib/gcc/" "-L/nics/e/sw/cs400_centos7.3_optsoftware/gcc/6.3.0/centos7.3_gnu6.3.0/bin/../lib/gcc/x86_64-pc-linux-gnu/6.3.0/../../../../lib64" "-L/nics/e/sw/cs400_centos7.3_optsoftware/gcc/6.3.0/centos7.3_gnu6.3.0/bin/../lib/gcc/x86_64-pc-linux-gnu/6.3.0/../../../../lib64/" "-L/lib/../lib64" "-L/lib/../lib64/" "-L/usr/lib/../lib64" "-L/usr/lib/../lib64/" "-L/nics/e/sw/cs400_centos7.3_optsoftware/intel/parallel_studio_xe_2018_update1/impi/2018.1.163/intel64/lib/" "-L/nics/e/sw/cs400_centos7.3_optsoftware/intel/parallel_studio_xe_2018_update1/compilers_and_libraries_2018.1.163/linux/compiler/lib/intel64/" "-L/nics/e/sw/cs400_centos7.3_optsoftware/intel/parallel_studio_xe_2018_update1/ipp/lib/intel64/" "-L/nics/e/sw/cs400_centos7.3_optsoftware/intel/parallel_studio_xe_2018_update1/mkl/lib/intel64/" "-L/nics/e/sw/cs400_centos7.3_optsoftware/intel/parallel_studio_xe_2018_update1/compilers_and_libraries_2018.1.163/linux/mpi/intel64/lib/" "-L/nics/e/sw/cs400_centos7.3_optsoftware/intel/parallel_studio_xe_2018_update1/tbb/lib/intel64/" "-L/nics/e/sw/cs400_centos7.3_optsoftware/gcc/6.3.0/centos7.3_gnu6.3.0/bin/../lib/gcc/x86_64-pc-linux-gnu/6.3.0/../../../" "-L/lib64" "-L/lib/" "-L/usr/lib64" "-L/usr/lib" "CMakeFiles/cmTC_7e7de.dir/CMakeFortranCompilerABI.F.o" "-Bdynamic" "-Bstatic" "-lifport" "-lifcoremt" "-limf" "-lsvml" "-Bdynamic" "-lm" "-Bstatic" "-lipgo" "-lirc" "-Bdynamic" "-lpthread" "-Bstatic" "-lsvml" "-Bdynamic" "-lc" "-lgcc" "-lgcc_s" "-Bstatic" "-lirc_s" "-Bdynamic" "-ldl" "-lc" "/nics/e/sw/cs400_centos7.3_optsoftware/gcc/6.3.0/centos7.3_gnu6.3.0/bin/../lib/gcc/x86_64-pc-linux-gnu/6.3.0/crtend.o" "/lib/../lib64/crtn.o"" -mIPOPT_il_in_obj -mIPOPT_ipo_activate_warn=FALSE -mIPOPT_obj_output_file_name=/tmp/ipo_ifortJXr2q6.o -mIPOPT_whole_archive_fixup_file_name=/tmp/ifortwarchdlc4EQ -mGLOB_linker_version=2.27 -mGLOB_driver_tempfile_name=/tmp/iforttempfileOX6LHu -mP3OPT_asm_target=P3OPT_ASM_TARGET_GAS -mGLOB_async_unwind_tables=TRUE -mGLOB_obj_output_file=/tmp/ipo_ifortJXr2q6.o -mGLOB_source_dialect=GLOB_SOURCE_DIALECT_NONE -mP1OPT_source_file_name=ipo_out.f -mP2OPT_symtab_type_copy=true CMakeFiles/cmTC_7e7de.dir/CMakeFortranCompilerABI.F.o -mIPOPT_object_files=T -mIPOPT_assembly_files=/tmp/ifortalis3XaDso -mIPOPT_generated_tempfiles=/tmp/iforteliszfsrt2 -mIPOPT_embedded_object_base_name=/tmp/iforteobjkTyfuG -mIPOPT_cmdline_link_new_name=/tmp/ifortllistf53uk]
  link line: [ld    /lib/../lib64/crt1.o /lib/../lib64/crti.o /nics/e/sw/cs400_centos7.3_optsoftware/gcc/6.3.0/centos7.3_gnu6.3.0/bin/../lib/gcc/x86_64-pc-linux-gnu/6.3.0/crtbegin.o --eh-frame-hdr --build-id -dynamic-linker /lib64/ld-linux-x86-64.so.2 -m elf_x86_64 -o cmTC_7e7de /nics/e/sw/cs400_centos7.3_optsoftware/intel/parallel_studio_xe_2018_update1/compilers_and_libraries_2018.1.163/linux/compiler/lib/intel64_lin/for_main.o -L/nics/e/sw/cs400_centos7.3_optsoftware/intel/parallel_studio_xe_2018_update1/impi/2018.1.163/intel64/lib -L/nics/e/sw/cs400_centos7.3_optsoftware/intel/parallel_studio_xe_2018_update1/compilers_and_libraries_2018.1.163/linux/compiler/lib/intel64 -L/nics/e/sw/cs400_centos7.3_optsoftware/intel/parallel_studio_xe_2018_update1/ipp/lib/intel64 -L/nics/e/sw/cs400_centos7.3_optsoftware/intel/parallel_studio_xe_2018_update1/mkl/lib/intel64 -L/nics/e/sw/cs400_centos7.3_optsoftware/intel/parallel_studio_xe_2018_update1/compilers_and_libraries_2018.1.163/linux/mpi/intel64/lib -L/nics/e/sw/cs400_centos7.3_optsoftware/intel/parallel_studio_xe_2018_update1/tbb/lib/intel64 -L/nics/e/sw/cs400_centos7.3_optsoftware/intel/parallel_studio_xe_2018_update1/compilers_and_libraries_2018.1.163/linux/compiler/lib/intel64_lin -L/nics/e/sw/cs400_centos7.3_optsoftware/gcc/6.3.0/centos7.3_gnu6.3.0/bin/../lib/gcc/x86_64-pc-linux-gnu/6.3.0/ -L/nics/e/sw/cs400_centos7.3_optsoftware/gcc/6.3.0/centos7.3_gnu6.3.0/bin/../lib/gcc/ -L/nics/e/sw/cs400_centos7.3_optsoftware/gcc/6.3.0/centos7.3_gnu6.3.0/bin/../lib/gcc/x86_64-pc-linux-gnu/6.3.0/../../../../lib64 -L/nics/e/sw/cs400_centos7.3_optsoftware/gcc/6.3.0/centos7.3_gnu6.3.0/bin/../lib/gcc/x86_64-pc-linux-gnu/6.3.0/../../../../lib64/ -L/lib/../lib64 -L/lib/../lib64/ -L/usr/lib/../lib64 -L/usr/lib/../lib64/ -L/nics/e/sw/cs400_centos7.3_optsoftware/intel/parallel_studio_xe_2018_update1/impi/2018.1.163/intel64/lib/ -L/nics/e/sw/cs400_centos7.3_optsoftware/intel/parallel_studio_xe_2018_update1/compilers_and_libraries_2018.1.163/linux/compiler/lib/intel64/ -L/nics/e/sw/cs400_centos7.3_optsoftware/intel/parallel_studio_xe_2018_update1/ipp/lib/intel64/ -L/nics/e/sw/cs400_centos7.3_optsoftware/intel/parallel_studio_xe_2018_update1/mkl/lib/intel64/ -L/nics/e/sw/cs400_centos7.3_optsoftware/intel/parallel_studio_xe_2018_update1/compilers_and_libraries_2018.1.163/linux/mpi/intel64/lib/ -L/nics/e/sw/cs400_centos7.3_optsoftware/intel/parallel_studio_xe_2018_update1/tbb/lib/intel64/ -L/nics/e/sw/cs400_centos7.3_optsoftware/gcc/6.3.0/centos7.3_gnu6.3.0/bin/../lib/gcc/x86_64-pc-linux-gnu/6.3.0/../../../ -L/lib64 -L/lib/ -L/usr/lib64 -L/usr/lib CMakeFiles/cmTC_7e7de.dir/CMakeFortranCompilerABI.F.o -Bdynamic -Bstatic -lifport -lifcoremt -limf -lsvml -Bdynamic -lm -Bstatic -lipgo -lirc -Bdynamic -lpthread -Bstatic -lsvml -Bdynamic -lc -lgcc -lgcc_s -Bstatic -lirc_s -Bdynamic -ldl -lc /nics/e/sw/cs400_centos7.3_optsoftware/gcc/6.3.0/centos7.3_gnu6.3.0/bin/../lib/gcc/x86_64-pc-linux-gnu/6.3.0/crtend.o /lib/../lib64/crtn.o]
    arg [ld] ==> ignore
    arg [/lib/../lib64/crt1.o] ==> ignore
    arg [/lib/../lib64/crti.o] ==> ignore
    arg [/nics/e/sw/cs400_centos7.3_optsoftware/gcc/6.3.0/centos7.3_gnu6.3.0/bin/../lib/gcc/x86_64-pc-linux-gnu/6.3.0/crtbegin.o] ==> ignore
    arg [--eh-frame-hdr] ==> ignore
    arg [--build-id] ==> ignore
    arg [-dynamic-linker] ==> ignore
    arg [/lib64/ld-linux-x86-64.so.2] ==> ignore
    arg [-m] ==> ignore
    arg [elf_x86_64] ==> ignore
    arg [-o] ==> ignore
    arg [cmTC_7e7de] ==> ignore
    arg [/nics/e/sw/cs400_centos7.3_optsoftware/intel/parallel_studio_xe_2018_update1/compilers_and_libraries_2018.1.163/linux/compiler/lib/intel64_lin/for_main.o] ==> ignore
    arg [-L/nics/e/sw/cs400_centos7.3_optsoftware/intel/parallel_studio_xe_2018_update1/impi/2018.1.163/intel64/lib] ==> dir [/nics/e/sw/cs400_centos7.3_optsoftware/intel/parallel_studio_xe_2018_update1/impi/2018.1.163/intel64/lib]
    arg [-L/nics/e/sw/cs400_centos7.3_optsoftware/intel/parallel_studio_xe_2018_update1/compilers_and_libraries_2018.1.163/linux/compiler/lib/intel64] ==> dir [/nics/e/sw/cs400_centos7.3_optsoftware/intel/parallel_studio_xe_2018_update1/compilers_and_libraries_2018.1.163/linux/compiler/lib/intel64]
    arg [-L/nics/e/sw/cs400_centos7.3_optsoftware/intel/parallel_studio_xe_2018_update1/ipp/lib/intel64] ==> dir [/nics/e/sw/cs400_centos7.3_optsoftware/intel/parallel_studio_xe_2018_update1/ipp/lib/intel64]
    arg [-L/nics/e/sw/cs400_centos7.3_optsoftware/intel/parallel_studio_xe_2018_update1/mkl/lib/intel64] ==> dir [/nics/e/sw/cs400_centos7.3_optsoftware/intel/parallel_studio_xe_2018_update1/mkl/lib/intel64]
    arg [-L/nics/e/sw/cs400_centos7.3_optsoftware/intel/parallel_studio_xe_2018_update1/compilers_and_libraries_2018.1.163/linux/mpi/intel64/lib] ==> dir [/nics/e/sw/cs400_centos7.3_optsoftware/intel/parallel_studio_xe_2018_update1/compilers_and_libraries_2018.1.163/linux/mpi/intel64/lib]
    arg [-L/nics/e/sw/cs400_centos7.3_optsoftware/intel/parallel_studio_xe_2018_update1/tbb/lib/intel64] ==> dir [/nics/e/sw/cs400_centos7.3_optsoftware/intel/parallel_studio_xe_2018_update1/tbb/lib/intel64]
    arg [-L/nics/e/sw/cs400_centos7.3_optsoftware/intel/parallel_studio_xe_2018_update1/compilers_and_libraries_2018.1.163/linux/compiler/lib/intel64_lin] ==> dir [/nics/e/sw/cs400_centos7.3_optsoftware/intel/parallel_studio_xe_2018_update1/compilers_and_libraries_2018.1.163/linux/compiler/lib/intel64_lin]
    arg [-L/nics/e/sw/cs400_centos7.3_optsoftware/gcc/6.3.0/centos7.3_gnu6.3.0/bin/../lib/gcc/x86_64-pc-linux-gnu/6.3.0/] ==> dir [/nics/e/sw/cs400_centos7.3_optsoftware/gcc/6.3.0/centos7.3_gnu6.3.0/bin/../lib/gcc/x86_64-pc-linux-gnu/6.3.0/]
    arg [-L/nics/e/sw/cs400_centos7.3_optsoftware/gcc/6.3.0/centos7.3_gnu6.3.0/bin/../lib/gcc/] ==> dir [/nics/e/sw/cs400_centos7.3_optsoftware/gcc/6.3.0/centos7.3_gnu6.3.0/bin/../lib/gcc/]
    arg [-L/nics/e/sw/cs400_centos7.3_optsoftware/gcc/6.3.0/centos7.3_gnu6.3.0/bin/../lib/gcc/x86_64-pc-linux-gnu/6.3.0/../../../../lib64] ==> dir [/nics/e/sw/cs400_centos7.3_optsoftware/gcc/6.3.0/centos7.3_gnu6.3.0/bin/../lib/gcc/x86_64-pc-linux-gnu/6.3.0/../../../../lib64]
    arg [-L/nics/e/sw/cs400_centos7.3_optsoftware/gcc/6.3.0/centos7.3_gnu6.3.0/bin/../lib/gcc/x86_64-pc-linux-gnu/6.3.0/../../../../lib64/] ==> dir [/nics/e/sw/cs400_centos7.3_optsoftware/gcc/6.3.0/centos7.3_gnu6.3.0/bin/../lib/gcc/x86_64-pc-linux-gnu/6.3.0/../../../../lib64/]
    arg [-L/lib/../lib64] ==> dir [/lib/../lib64]
    arg [-L/lib/../lib64/] ==> dir [/lib/../lib64/]
    arg [-L/usr/lib/../lib64] ==> dir [/usr/lib/../lib64]
    arg [-L/usr/lib/../lib64/] ==> dir [/usr/lib/../lib64/]
    arg [-L/nics/e/sw/cs400_centos7.3_optsoftware/intel/parallel_studio_xe_2018_update1/impi/2018.1.163/intel64/lib/] ==> dir [/nics/e/sw/cs400_centos7.3_optsoftware/intel/parallel_studio_xe_2018_update1/impi/2018.1.163/intel64/lib/]
    arg [-L/nics/e/sw/cs400_centos7.3_optsoftware/intel/parallel_studio_xe_2018_update1/compilers_and_libraries_2018.1.163/linux/compiler/lib/intel64/] ==> dir [/nics/e/sw/cs400_centos7.3_optsoftware/intel/parallel_studio_xe_2018_update1/compilers_and_libraries_2018.1.163/linux/compiler/lib/intel64/]
    arg [-L/nics/e/sw/cs400_centos7.3_optsoftware/intel/parallel_studio_xe_2018_update1/ipp/lib/intel64/] ==> dir [/nics/e/sw/cs400_centos7.3_optsoftware/intel/parallel_studio_xe_2018_update1/ipp/lib/intel64/]
    arg [-L/nics/e/sw/cs400_centos7.3_optsoftware/intel/parallel_studio_xe_2018_update1/mkl/lib/intel64/] ==> dir [/nics/e/sw/cs400_centos7.3_optsoftware/intel/parallel_studio_xe_2018_update1/mkl/lib/intel64/]
    arg [-L/nics/e/sw/cs400_centos7.3_optsoftware/intel/parallel_studio_xe_2018_update1/compilers_and_libraries_2018.1.163/linux/mpi/intel64/lib/] ==> dir [/nics/e/sw/cs400_centos7.3_optsoftware/intel/parallel_studio_xe_2018_update1/compilers_and_libraries_2018.1.163/linux/mpi/intel64/lib/]
    arg [-L/nics/e/sw/cs400_centos7.3_optsoftware/intel/parallel_studio_xe_2018_update1/tbb/lib/intel64/] ==> dir [/nics/e/sw/cs400_centos7.3_optsoftware/intel/parallel_studio_xe_2018_update1/tbb/lib/intel64/]
    arg [-L/nics/e/sw/cs400_centos7.3_optsoftware/gcc/6.3.0/centos7.3_gnu6.3.0/bin/../lib/gcc/x86_64-pc-linux-gnu/6.3.0/../../../] ==> dir [/nics/e/sw/cs400_centos7.3_optsoftware/gcc/6.3.0/centos7.3_gnu6.3.0/bin/../lib/gcc/x86_64-pc-linux-gnu/6.3.0/../../../]
    arg [-L/lib64] ==> dir [/lib64]
    arg [-L/lib/] ==> dir [/lib/]
    arg [-L/usr/lib64] ==> dir [/usr/lib64]
    arg [-L/usr/lib] ==> dir [/usr/lib]
    arg [CMakeFiles/cmTC_7e7de.dir/CMakeFortranCompilerABI.F.o] ==> ignore
    arg [-Bdynamic] ==> ignore
    arg [-Bstatic] ==> ignore
    arg [-lifport] ==> lib [ifport]
    arg [-lifcoremt] ==> lib [ifcoremt]
    arg [-limf] ==> lib [imf]
    arg [-lsvml] ==> lib [svml]
    arg [-Bdynamic] ==> ignore
    arg [-lm] ==> lib [m]
    arg [-Bstatic] ==> ignore
    arg [-lipgo] ==> lib [ipgo]
    arg [-lirc] ==> lib [irc]
    arg [-Bdynamic] ==> ignore
    arg [-lpthread] ==> lib [pthread]
    arg [-Bstatic] ==> ignore
    arg [-lsvml] ==> lib [svml]
    arg [-Bdynamic] ==> ignore
    arg [-lc] ==> lib [c]
    arg [-lgcc] ==> lib [gcc]
    arg [-lgcc_s] ==> lib [gcc_s]
    arg [-Bstatic] ==> ignore
    arg [-lirc_s] ==> lib [irc_s]
    arg [-Bdynamic] ==> ignore
    arg [-ldl] ==> lib [dl]
    arg [-lc] ==> lib [c]
    arg [/nics/e/sw/cs400_centos7.3_optsoftware/gcc/6.3.0/centos7.3_gnu6.3.0/bin/../lib/gcc/x86_64-pc-linux-gnu/6.3.0/crtend.o] ==> ignore
    arg [/lib/../lib64/crtn.o] ==> ignore
  collapse library dir [/nics/e/sw/cs400_centos7.3_optsoftware/intel/parallel_studio_xe_2018_update1/impi/2018.1.163/intel64/lib] ==> [/nics/e/sw/cs400_centos7.3_optsoftware/intel/parallel_studio_xe_2018_update1/impi/2018.1.163/intel64/lib]
  collapse library dir [/nics/e/sw/cs400_centos7.3_optsoftware/intel/parallel_studio_xe_2018_update1/compilers_and_libraries_2018.1.163/linux/compiler/lib/intel64] ==> [/nics/e/sw/cs400_centos7.3_optsoftware/intel/parallel_studio_xe_2018_update1/compilers_and_libraries_2018.1.163/linux/compiler/lib/intel64]
  collapse library dir [/nics/e/sw/cs400_centos7.3_optsoftware/intel/parallel_studio_xe_2018_update1/ipp/lib/intel64] ==> [/nics/e/sw/cs400_centos7.3_optsoftware/intel/parallel_studio_xe_2018_update1/ipp/lib/intel64]
  collapse library dir [/nics/e/sw/cs400_centos7.3_optsoftware/intel/parallel_studio_xe_2018_update1/mkl/lib/intel64] ==> [/nics/e/sw/cs400_centos7.3_optsoftware/intel/parallel_studio_xe_2018_update1/mkl/lib/intel64]
  collapse library dir [/nics/e/sw/cs400_centos7.3_optsoftware/intel/parallel_studio_xe_2018_update1/compilers_and_libraries_2018.1.163/linux/mpi/intel64/lib] ==> [/nics/e/sw/cs400_centos7.3_optsoftware/intel/parallel_studio_xe_2018_update1/compilers_and_libraries_2018.1.163/linux/mpi/intel64/lib]
  collapse library dir [/nics/e/sw/cs400_centos7.3_optsoftware/intel/parallel_studio_xe_2018_update1/tbb/lib/intel64] ==> [/nics/e/sw/cs400_centos7.3_optsoftware/intel/parallel_studio_xe_2018_update1/tbb/lib/intel64]
  collapse library dir [/nics/e/sw/cs400_centos7.3_optsoftware/intel/parallel_studio_xe_2018_update1/compilers_and_libraries_2018.1.163/linux/compiler/lib/intel64_lin] ==> [/nics/e/sw/cs400_centos7.3_optsoftware/intel/parallel_studio_xe_2018_update1/compilers_and_libraries_2018.1.163/linux/compiler/lib/intel64_lin]
  collapse library dir [/nics/e/sw/cs400_centos7.3_optsoftware/gcc/6.3.0/centos7.3_gnu6.3.0/bin/../lib/gcc/x86_64-pc-linux-gnu/6.3.0/] ==> [/nics/e/sw/cs400_centos7.3_optsoftware/gcc/6.3.0/centos7.3_gnu6.3.0/lib/gcc/x86_64-pc-linux-gnu/6.3.0]
  collapse library dir [/nics/e/sw/cs400_centos7.3_optsoftware/gcc/6.3.0/centos7.3_gnu6.3.0/bin/../lib/gcc/] ==> [/nics/e/sw/cs400_centos7.3_optsoftware/gcc/6.3.0/centos7.3_gnu6.3.0/lib/gcc]
  collapse library dir [/nics/e/sw/cs400_centos7.3_optsoftware/gcc/6.3.0/centos7.3_gnu6.3.0/bin/../lib/gcc/x86_64-pc-linux-gnu/6.3.0/../../../../lib64] ==> [/nics/e/sw/cs400_centos7.3_optsoftware/gcc/6.3.0/centos7.3_gnu6.3.0/lib64]
  collapse library dir [/nics/e/sw/cs400_centos7.3_optsoftware/gcc/6.3.0/centos7.3_gnu6.3.0/bin/../lib/gcc/x86_64-pc-linux-gnu/6.3.0/../../../../lib64/] ==> [/nics/e/sw/cs400_centos7.3_optsoftware/gcc/6.3.0/centos7.3_gnu6.3.0/lib64]
  collapse library dir [/lib/../lib64] ==> [/lib64]
  collapse library dir [/lib/../lib64/] ==> [/lib64]
  collapse library dir [/usr/lib/../lib64] ==> [/usr/lib64]
  collapse library dir [/usr/lib/../lib64/] ==> [/usr/lib64]
  collapse library dir [/nics/e/sw/cs400_centos7.3_optsoftware/intel/parallel_studio_xe_2018_update1/impi/2018.1.163/intel64/lib/] ==> [/nics/e/sw/cs400_centos7.3_optsoftware/intel/parallel_studio_xe_2018_update1/impi/2018.1.163/intel64/lib]
  collapse library dir [/nics/e/sw/cs400_centos7.3_optsoftware/intel/parallel_studio_xe_2018_update1/compilers_and_libraries_2018.1.163/linux/compiler/lib/intel64/] ==> [/nics/e/sw/cs400_centos7.3_optsoftware/intel/parallel_studio_xe_2018_update1/compilers_and_libraries_2018.1.163/linux/compiler/lib/intel64]
  collapse library dir [/nics/e/sw/cs400_centos7.3_optsoftware/intel/parallel_studio_xe_2018_update1/ipp/lib/intel64/] ==> [/nics/e/sw/cs400_centos7.3_optsoftware/intel/parallel_studio_xe_2018_update1/ipp/lib/intel64]
  collapse library dir [/nics/e/sw/cs400_centos7.3_optsoftware/intel/parallel_studio_xe_2018_update1/mkl/lib/intel64/] ==> [/nics/e/sw/cs400_centos7.3_optsoftware/intel/parallel_studio_xe_2018_update1/mkl/lib/intel64]
  collapse library dir [/nics/e/sw/cs400_centos7.3_optsoftware/intel/parallel_studio_xe_2018_update1/compilers_and_libraries_2018.1.163/linux/mpi/intel64/lib/] ==> [/nics/e/sw/cs400_centos7.3_optsoftware/intel/parallel_studio_xe_2018_update1/compilers_and_libraries_2018.1.163/linux/mpi/intel64/lib]
  collapse library dir [/nics/e/sw/cs400_centos7.3_optsoftware/intel/parallel_studio_xe_2018_update1/tbb/lib/intel64/] ==> [/nics/e/sw/cs400_centos7.3_optsoftware/intel/parallel_studio_xe_2018_update1/tbb/lib/intel64]
  collapse library dir [/nics/e/sw/cs400_centos7.3_optsoftware/gcc/6.3.0/centos7.3_gnu6.3.0/bin/../lib/gcc/x86_64-pc-linux-gnu/6.3.0/../../../] ==> [/nics/e/sw/cs400_centos7.3_optsoftware/gcc/6.3.0/centos7.3_gnu6.3.0/lib]
  collapse library dir [/lib64] ==> [/lib64]
  collapse library dir [/lib/] ==> [/lib]
  collapse library dir [/usr/lib64] ==> [/usr/lib64]
  collapse library dir [/usr/lib] ==> [/usr/lib]
  implicit libs: [ifport;ifcoremt;imf;svml;m;ipgo;irc;pthread;svml;c;gcc;gcc_s;irc_s;dl;c]
  implicit dirs: [/nics/e/sw/cs400_centos7.3_optsoftware/intel/parallel_studio_xe_2018_update1/impi/2018.1.163/intel64/lib;/nics/e/sw/cs400_centos7.3_optsoftware/intel/parallel_studio_xe_2018_update1/compilers_and_libraries_2018.1.163/linux/compiler/lib/intel64;/nics/e/sw/cs400_centos7.3_optsoftware/intel/parallel_studio_xe_2018_update1/ipp/lib/intel64;/nics/e/sw/cs400_centos7.3_optsoftware/intel/parallel_studio_xe_2018_update1/mkl/lib/intel64;/nics/e/sw/cs400_centos7.3_optsoftware/intel/parallel_studio_xe_2018_update1/compilers_and_libraries_2018.1.163/linux/mpi/intel64/lib;/nics/e/sw/cs400_centos7.3_optsoftware/intel/parallel_studio_xe_2018_update1/tbb/lib/intel64;/nics/e/sw/cs400_centos7.3_optsoftware/intel/parallel_studio_xe_2018_update1/compilers_and_libraries_2018.1.163/linux/compiler/lib/intel64_lin;/nics/e/sw/cs400_centos7.3_optsoftware/gcc/6.3.0/centos7.3_gnu6.3.0/lib/gcc/x86_64-pc-linux-gnu/6.3.0;/nics/e/sw/cs400_centos7.3_optsoftware/gcc/6.3.0/centos7.3_gnu6.3.0/lib/gcc;/nics/e/sw/cs400_centos7.3_optsoftware/gcc/6.3.0/centos7.3_gnu6.3.0/lib64;/lib64;/usr/lib64;/nics/e/sw/cs400_centos7.3_optsoftware/gcc/6.3.0/centos7.3_gnu6.3.0/lib;/lib;/usr/lib]
  implicit fwks: []


Determining if the Fortran compiler supports Fortran 90 passed with the following output:
Change Dir: /lustre/haven/proj/UTK0105/lake_modeling/gotm-git/cases/build/CMakeFiles/CMakeTmp

Run Build Command(s):/bin/gmake cmTC_db1e8/fast && gmake[1]: Entering directory `/lustre/haven/proj/UTK0105/lake_modeling/gotm-git/cases/build/CMakeFiles/CMakeTmp'
/bin/gmake -f CMakeFiles/cmTC_db1e8.dir/build.make CMakeFiles/cmTC_db1e8.dir/build
gmake[2]: Entering directory `/lustre/haven/proj/UTK0105/lake_modeling/gotm-git/cases/build/CMakeFiles/CMakeTmp'
Building Fortran object CMakeFiles/cmTC_db1e8.dir/testFortranCompilerF90.f90.o
/nics/e/sw/cs400_centos7.3_optsoftware/intel/parallel_studio_xe_2018_update1/compilers_and_libraries_2018.1.163/linux/bin/intel64/ifort    -c /lustre/haven/proj/UTK0105/lake_modeling/gotm-git/cases/build/CMakeFiles/CMakeTmp/testFortranCompilerF90.f90 -o CMakeFiles/cmTC_db1e8.dir/testFortranCompilerF90.f90.o
Linking Fortran executable cmTC_db1e8
/nics/e/sw/cs400_centos7.3_acfsoftware/cmake/3.15.4/centos7.3_intel17.2.174/bin/cmake -E cmake_link_script CMakeFiles/cmTC_db1e8.dir/link.txt --verbose=1
/nics/e/sw/cs400_centos7.3_optsoftware/intel/parallel_studio_xe_2018_update1/compilers_and_libraries_2018.1.163/linux/bin/intel64/ifort      CMakeFiles/cmTC_db1e8.dir/testFortranCompilerF90.f90.o  -o cmTC_db1e8 
gmake[2]: Leaving directory `/lustre/haven/proj/UTK0105/lake_modeling/gotm-git/cases/build/CMakeFiles/CMakeTmp'
gmake[1]: Leaving directory `/lustre/haven/proj/UTK0105/lake_modeling/gotm-git/cases/build/CMakeFiles/CMakeTmp'



